[debug] [2025-07-29T23:01:47.098Z] ----------------------------------------------------------------------
[debug] [2025-07-29T23:01:47.105Z] Command:       C:\Program Files\nodejs\node.exe C:\Users\kul\AppData\Roaming\npm\node_modules\firebase-tools\lib\bin\firebase.js projects:list --json
[debug] [2025-07-29T23:01:47.108Z] CLI Version:   14.9.0
[debug] [2025-07-29T23:01:47.108Z] Platform:      win32
[debug] [2025-07-29T23:01:47.108Z] Node Version:  v22.14.0
[debug] [2025-07-29T23:01:47.108Z] Time:          Wed Jul 30 2025 02:01:47 GMT+0300 (GMT+03:00)
[debug] [2025-07-29T23:01:47.108Z] ----------------------------------------------------------------------
[debug] 
[debug] [2025-07-29T23:01:47.112Z] >>> [apiv2][query] GET https://firebase-public.firebaseio.com/cli.json [none]
[debug] [2025-07-29T23:01:47.238Z] > command requires scopes: ["email","openid","https://www.googleapis.com/auth/cloudplatformprojects.readonly","https://www.googleapis.com/auth/firebase","https://www.googleapis.com/auth/cloud-platform"]
[debug] [2025-07-29T23:01:47.240Z] > authorizing via signed-in user (ebubekirkul5334@gmail.com)
[debug] [2025-07-29T23:01:47.247Z] Checked if tokens are valid: false, expires at: 1749861315100
[debug] [2025-07-29T23:01:47.247Z] Checked if tokens are valid: false, expires at: 1749861315100
[debug] [2025-07-29T23:01:47.248Z] > refreshing access token with scopes: []
[debug] [2025-07-29T23:01:47.250Z] >>> [apiv2][query] POST https://www.googleapis.com/oauth2/v3/token [none]
[debug] [2025-07-29T23:01:47.250Z] >>> [apiv2][body] POST https://www.googleapis.com/oauth2/v3/token [omitted]
[debug] [2025-07-29T23:01:47.505Z] <<< [apiv2][status] POST https://www.googleapis.com/oauth2/v3/token 400
[debug] [2025-07-29T23:01:47.505Z] <<< [apiv2][body] POST https://www.googleapis.com/oauth2/v3/token [omitted]
[debug] [2025-07-29T23:01:47.505Z] >>> [apiv2][query] GET https://firebase.googleapis.com/v1beta1/projects pageSize=1000
[debug] [2025-07-29T23:01:47.665Z] <<< [apiv2][status] GET https://firebase-public.firebaseio.com/cli.json 200
[debug] [2025-07-29T23:01:47.666Z] <<< [apiv2][body] GET https://firebase-public.firebaseio.com/cli.json {"cloudBuildErrorAfter":1594252800000,"cloudBuildWarnAfter":1590019200000,"defaultNode10After":1594252800000,"minVersion":"3.0.5","node8DeploysDisabledAfter":1613390400000,"node8RuntimeDisabledAfter":1615809600000,"node8WarnAfter":1600128000000}
[debug] [2025-07-29T23:01:47.769Z] <<< [apiv2][status] GET https://firebase.googleapis.com/v1beta1/projects 401
[debug] [2025-07-29T23:01:47.770Z] <<< [apiv2][body] GET https://firebase.googleapis.com/v1beta1/projects [omitted]
[debug] [2025-07-29T23:01:47.770Z] Got a 401 Unauthenticated error for a call that required authentication. Refreshing tokens.
[debug] [2025-07-29T23:01:47.770Z] Checked if tokens are valid: false, expires at: 1749861315100
[debug] [2025-07-29T23:01:47.770Z] Checked if tokens are valid: false, expires at: 1749861315100
[debug] [2025-07-29T23:01:47.770Z] > refreshing access token with scopes: []
[debug] [2025-07-29T23:01:47.770Z] >>> [apiv2][query] POST https://www.googleapis.com/oauth2/v3/token [none]
[debug] [2025-07-29T23:01:47.770Z] >>> [apiv2][body] POST https://www.googleapis.com/oauth2/v3/token [omitted]
[debug] [2025-07-29T23:01:47.864Z] <<< [apiv2][status] POST https://www.googleapis.com/oauth2/v3/token 400
[debug] [2025-07-29T23:01:47.864Z] <<< [apiv2][body] POST https://www.googleapis.com/oauth2/v3/token [omitted]
[debug] [2025-07-29T23:01:47.865Z] Request to https://firebase.googleapis.com/v1beta1/projects?pageSize=1000 had HTTP Error: 401, Request had invalid authentication credentials. Expected OAuth 2 access token, login cookie or other valid authentication credential. See https://developers.google.com/identity/sign-in/web/devconsole-project.
[debug] [2025-07-29T23:01:47.870Z] Error: EPIPE: broken pipe, write
    at Socket._write (node:internal/net:63:18)
    at writeOrBuffer (node:internal/streams/writable:572:12)
    at _write (node:internal/streams/writable:501:10)
    at Writable.write (node:internal/streams/writable:510:10)
    at Ora.stopAndPersist (C:\Users\kul\AppData\Roaming\npm\node_modules\firebase-tools\node_modules\ora\index.js:376:15)
    at Ora.fail (C:\Users\kul\AppData\Roaming\npm\node_modules\firebase-tools\node_modules\ora\index.js:355:15)
    at Command.actionFn (C:\Users\kul\AppData\Roaming\npm\node_modules\firebase-tools\lib\commands\projects-list.js:54:17)
    at process.processTicksAndRejections (node:internal/process/task_queues:105:5)
[error] 
[error] Error: An unexpected error has occurred.
[debug] [2025-07-29T23:01:47.871Z] Error: EPIPE: broken pipe, write
    at Socket._write (node:internal/net:63:18)
    at writeOrBuffer (node:internal/streams/writable:572:12)
    at _write (node:internal/streams/writable:501:10)
    at Writable.write (node:internal/streams/writable:510:10)
    at C:\Users\kul\AppData\Roaming\npm\node_modules\firebase-tools\lib\command.js:126:40
    at new Promise (<anonymous>)
    at C:\Users\kul\AppData\Roaming\npm\node_modules\firebase-tools\lib\command.js:125:27
    at process.processTicksAndRejections (node:internal/process/task_queues:105:5)
[error] 
[error] Error: An unexpected error has occurred.
[debug] [2025-07-29T23:01:48.086Z] FirebaseError: Request to https://firebase.googleapis.com/v1beta1/projects?pageSize=1000 had HTTP Error: 401, Request had invalid authentication credentials. Expected OAuth 2 access token, login cookie or other valid authentication credential. See https://developers.google.com/identity/sign-in/web/devconsole-project.
    at responseToError (C:\Users\kul\AppData\Roaming\npm\node_modules\firebase-tools\lib\responseToError.js:52:12)
    at RetryOperation._fn (C:\Users\kul\AppData\Roaming\npm\node_modules\firebase-tools\lib\apiv2.js:312:77)
    at process.processTicksAndRejections (node:internal/process/task_queues:105:5)
[error] 
[error] Error: Failed to list Firebase projects. See firebase-debug.log for more info.
